Using pre-set license
Built from '2020.3/staging' branch; Version is '2020.3.5f1 (8095aa901b9b) revision 8426922'; Using compiler version '192528614'; Build Type 'Release'
OS: 'Windows 10 Pro; OS build 19044.1526; Version 2009; 64bit' Language: 'es' Physical Memory: 16332 MB
BatchMode: 1, IsHumanControllingUs: 0, StartBugReporterOnCrash: 0, Is64bit: 1, IsPro: 0

 COMMAND LINE ARGUMENTS:
D:\UnityGames\2020.3.5f1\Editor\Unity.exe
-adb2
-batchMode
-noUpm
-name
AssetImportWorker0
-projectPath
D:/UnityGamesFolder/FeriaVR
-logFile
Logs/AssetImportWorker0.log
-srvPort
58151
Successfully changed project path to: D:/UnityGamesFolder/FeriaVR
D:/UnityGamesFolder/FeriaVR
Using Asset Import Pipeline V2.
Refreshing native plugins compatible for Editor in 50.37 ms, found 6 plugins.
Preloading 0 native plugins for Editor in 0.00 ms.
Initialize engine version: 2020.3.5f1 (8095aa901b9b)
[Subsystems] Discovering subsystems at path D:/UnityGames/2020.3.5f1/Editor/Data/Resources/UnitySubsystems
[Subsystems] Discovering subsystems at path D:/UnityGamesFolder/FeriaVR/Assets
GfxDevice: creating device client; threaded=0
Direct3D:
    Version:  Direct3D 11.0 [level 11.1]
    Renderer: Radeon RX 580 Series (ID=0x67df)
    Vendor:   
    VRAM:     8171 MB
    Driver:   30.0.13025.5005
Initialize mono
Mono path[0] = 'D:/UnityGames/2020.3.5f1/Editor/Data/Managed'
Mono path[1] = 'D:/UnityGames/2020.3.5f1/Editor/Data/MonoBleedingEdge/lib/mono/unityjit'
Mono config path = 'D:/UnityGames/2020.3.5f1/Editor/Data/MonoBleedingEdge/etc'
Using monoOptions --debugger-agent=transport=dt_socket,embedding=1,server=y,suspend=n,address=127.0.0.1:56724
Begin MonoManager ReloadAssembly
Registering precompiled unity dll's ...
Register platform support module: D:/UnityGames/2020.3.5f1/Editor/Data/PlaybackEngines/WindowsStandaloneSupport/UnityEditor.WindowsStandalone.Extensions.dll
Registered in 0.001065 seconds.
Native extension for WindowsStandalone target not found
Refreshing native plugins compatible for Editor in 48.42 ms, found 6 plugins.
Preloading 0 native plugins for Editor in 0.00 ms.
Mono: successfully reloaded assembly
- Completed reload, in  1.770 seconds
Platform modules already initialized, skipping
Registering precompiled user dll's ...
Registered in 0.003170 seconds.
Begin MonoManager ReloadAssembly
Native extension for WindowsStandalone target not found
Refreshing native plugins compatible for Editor in 48.54 ms, found 6 plugins.
Preloading 0 native plugins for Editor in 0.00 ms.
Mono: successfully reloaded assembly
- Completed reload, in  1.137 seconds
Platform modules already initialized, skipping
========================================================================
Worker process is ready to serve import requests
Launched and connected shader compiler UnityShaderCompiler.exe after 0.08 seconds
Refreshing native plugins compatible for Editor in 0.73 ms, found 6 plugins.
Preloading 0 native plugins for Editor in 0.00 ms.
Unloading 3045 Unused Serialized files (Serialized files now loaded: 0)
System memory in use before: 154.2 MB.
System memory in use after: 154.0 MB.

Unloading 46 unused Assets to reduce memory usage. Loaded Objects now: 3519.
Total: 2.743300 ms (FindLiveObjects: 0.402000 ms CreateObjectMapping: 0.078000 ms MarkObjects: 2.018000 ms  DeleteObjects: 0.244500 ms)

========================================================================
Received Import Request.
  path: Assets/Materials/Cartoon.mat
  artifactKey: Guid(7a4c81de9a772d544b8f392036faa50e) Importer(815301076,1909f56bfc062723c751e8b465ee728b)
Start importing Assets/Materials/Cartoon.mat using Guid(7a4c81de9a772d544b8f392036faa50e) Importer(815301076,1909f56bfc062723c751e8b465ee728b)  -> (artifact id: 'e354bd260ed852e667b904c3dc5a7aa0') in 0.083358 seconds
  Import took 0.111854 seconds .

========================================================================
Received Import Request.
  Time since last request: 16.952026 seconds.
  path: Assets/Materials/CartoonMask.mat
  artifactKey: Guid(a8c0c2268a88b8b4bbd698aeab230aa5) Importer(815301076,1909f56bfc062723c751e8b465ee728b)
Start importing Assets/Materials/CartoonMask.mat using Guid(a8c0c2268a88b8b4bbd698aeab230aa5) Importer(815301076,1909f56bfc062723c751e8b465ee728b)  -> (artifact id: 'b6080e6ae6cd0fd0507cfb82d14246b4') in 0.012538 seconds
  Import took 0.039553 seconds .

========================================================================
Received Import Request.
  Time since last request: 31.935249 seconds.
  path: Assets/QuickOutline/Resources/Materials/OutlineFill.mat
  artifactKey: Guid(311313efa011949e98b6761d652ad13c) Importer(815301076,1909f56bfc062723c751e8b465ee728b)
Start importing Assets/QuickOutline/Resources/Materials/OutlineFill.mat using Guid(311313efa011949e98b6761d652ad13c) Importer(815301076,1909f56bfc062723c751e8b465ee728b)  -> (artifact id: '410b522d0531010e19578b3317a6e856') in 0.012161 seconds
  Import took 0.034192 seconds .

========================================================================
Received Import Request.
  Time since last request: 0.000236 seconds.
  path: Assets/QuickOutline/Resources/Materials/OutlineMask.mat
  artifactKey: Guid(106f3ff43a17d4967a2b64c7a92e49ec) Importer(815301076,1909f56bfc062723c751e8b465ee728b)
Start importing Assets/QuickOutline/Resources/Materials/OutlineMask.mat using Guid(106f3ff43a17d4967a2b64c7a92e49ec) Importer(815301076,1909f56bfc062723c751e8b465ee728b)  -> (artifact id: '2b6874d796b056f2d2a2edfef9bedc77') in 0.010127 seconds
  Import took 0.021901 seconds .

========================================================================
Received Import Request.
  Time since last request: 0.326516 seconds.
  path: Assets/QuickOutline/Samples/Materials/Plane.mat
  artifactKey: Guid(f58cf65ea995c4b45be95713bdea8134) Importer(815301076,1909f56bfc062723c751e8b465ee728b)
Start importing Assets/QuickOutline/Samples/Materials/Plane.mat using Guid(f58cf65ea995c4b45be95713bdea8134) Importer(815301076,1909f56bfc062723c751e8b465ee728b)  -> (artifact id: '2e30571164b40e19d8c2d36f7b361ed1') in 0.012673 seconds
  Import took 0.035762 seconds .

========================================================================
Received Import Request.
  Time since last request: 0.001933 seconds.
  path: Assets/QuickOutline/Samples/Materials/Plane.mat
  artifactKey: Guid(f58cf65ea995c4b45be95713bdea8134) Importer(815301076,1909f56bfc062723c751e8b465ee728b)
Start importing Assets/QuickOutline/Samples/Materials/Plane.mat using Guid(f58cf65ea995c4b45be95713bdea8134) Importer(815301076,1909f56bfc062723c751e8b465ee728b)  -> (artifact id: '2e30571164b40e19d8c2d36f7b361ed1') in 0.011156 seconds
  Import took 0.015637 seconds .

========================================================================
Received Prepare
Registering precompiled user dll's ...
Registered in 0.003071 seconds.
Begin MonoManager ReloadAssembly
Native extension for WindowsStandalone target not found
Refreshing native plugins compatible for Editor in 0.79 ms, found 6 plugins.
Preloading 0 native plugins for Editor in 0.00 ms.
Mono: successfully reloaded assembly
- Completed reload, in  1.006 seconds
Platform modules already initialized, skipping
Refreshing native plugins compatible for Editor in 0.82 ms, found 6 plugins.
Preloading 0 native plugins for Editor in 0.00 ms.
Unloading 2969 Unused Serialized files (Serialized files now loaded: 0)
System memory in use before: 156.9 MB.
System memory in use after: 156.9 MB.

Unloading 26 unused Assets to reduce memory usage. Loaded Objects now: 3563.
Total: 2.734800 ms (FindLiveObjects: 0.352400 ms CreateObjectMapping: 0.075400 ms MarkObjects: 2.058500 ms  DeleteObjects: 0.247500 ms)

========================================================================
Received Prepare
Registering precompiled user dll's ...
Registered in 0.003062 seconds.
Begin MonoManager ReloadAssembly
Native extension for WindowsStandalone target not found
Refreshing native plugins compatible for Editor in 0.76 ms, found 6 plugins.
Preloading 0 native plugins for Editor in 0.00 ms.
Mono: successfully reloaded assembly
- Completed reload, in  1.000 seconds
Platform modules already initialized, skipping
Refreshing native plugins compatible for Editor in 0.81 ms, found 6 plugins.
Preloading 0 native plugins for Editor in 0.00 ms.
Unloading 2969 Unused Serialized files (Serialized files now loaded: 0)
System memory in use before: 156.9 MB.
System memory in use after: 156.9 MB.

Unloading 26 unused Assets to reduce memory usage. Loaded Objects now: 3568.
Total: 2.840000 ms (FindLiveObjects: 0.404500 ms CreateObjectMapping: 0.067900 ms MarkObjects: 2.110400 ms  DeleteObjects: 0.256400 ms)

========================================================================
Received Prepare
Registering precompiled user dll's ...
Registered in 0.003140 seconds.
Begin MonoManager ReloadAssembly
Native extension for WindowsStandalone target not found
Refreshing native plugins compatible for Editor in 0.80 ms, found 6 plugins.
Preloading 0 native plugins for Editor in 0.00 ms.
Mono: successfully reloaded assembly
- Completed reload, in  0.980 seconds
Platform modules already initialized, skipping
Refreshing native plugins compatible for Editor in 0.75 ms, found 6 plugins.
Preloading 0 native plugins for Editor in 0.00 ms.
Unloading 2969 Unused Serialized files (Serialized files now loaded: 0)
System memory in use before: 156.9 MB.
System memory in use after: 157.0 MB.

Unloading 26 unused Assets to reduce memory usage. Loaded Objects now: 3573.
Total: 2.706700 ms (FindLiveObjects: 0.347800 ms CreateObjectMapping: 0.077800 ms MarkObjects: 2.043800 ms  DeleteObjects: 0.236200 ms)

========================================================================
Received Prepare
Registering precompiled user dll's ...
Registered in 0.003176 seconds.
Begin MonoManager ReloadAssembly
Native extension for WindowsStandalone target not found
Refreshing native plugins compatible for Editor in 1.00 ms, found 6 plugins.
Preloading 0 native plugins for Editor in 0.00 ms.
Mono: successfully reloaded assembly
- Completed reload, in  0.992 seconds
Platform modules already initialized, skipping
Refreshing native plugins compatible for Editor in 0.77 ms, found 6 plugins.
Preloading 0 native plugins for Editor in 0.00 ms.
Unloading 2969 Unused Serialized files (Serialized files now loaded: 0)
System memory in use before: 157.0 MB.
System memory in use after: 157.0 MB.

Unloading 26 unused Assets to reduce memory usage. Loaded Objects now: 3578.
Total: 3.122700 ms (FindLiveObjects: 0.394500 ms CreateObjectMapping: 0.082900 ms MarkObjects: 2.390800 ms  DeleteObjects: 0.253500 ms)

========================================================================
Received Prepare
Registering precompiled user dll's ...
Registered in 0.003767 seconds.
Begin MonoManager ReloadAssembly
Native extension for WindowsStandalone target not found
Refreshing native plugins compatible for Editor in 0.85 ms, found 6 plugins.
Preloading 0 native plugins for Editor in 0.00 ms.
Mono: successfully reloaded assembly
- Completed reload, in  1.101 seconds
Platform modules already initialized, skipping
Refreshing native plugins compatible for Editor in 0.84 ms, found 6 plugins.
Preloading 0 native plugins for Editor in 0.00 ms.
Unloading 2969 Unused Serialized files (Serialized files now loaded: 0)
System memory in use before: 157.0 MB.
System memory in use after: 157.0 MB.

Unloading 26 unused Assets to reduce memory usage. Loaded Objects now: 3583.
Total: 3.239000 ms (FindLiveObjects: 0.400600 ms CreateObjectMapping: 0.068800 ms MarkObjects: 2.479800 ms  DeleteObjects: 0.288700 ms)

========================================================================
Received Prepare
Registering precompiled user dll's ...
Registered in 0.003047 seconds.
Begin MonoManager ReloadAssembly
Native extension for WindowsStandalone target not found
Refreshing native plugins compatible for Editor in 0.79 ms, found 6 plugins.
Preloading 0 native plugins for Editor in 0.00 ms.
Mono: successfully reloaded assembly
- Completed reload, in  0.993 seconds
Platform modules already initialized, skipping
Refreshing native plugins compatible for Editor in 0.75 ms, found 6 plugins.
Preloading 0 native plugins for Editor in 0.00 ms.
Unloading 2969 Unused Serialized files (Serialized files now loaded: 0)
System memory in use before: 157.0 MB.
System memory in use after: 157.0 MB.

Unloading 26 unused Assets to reduce memory usage. Loaded Objects now: 3588.
Total: 2.772000 ms (FindLiveObjects: 0.349700 ms CreateObjectMapping: 0.087100 ms MarkObjects: 2.079100 ms  DeleteObjects: 0.255200 ms)

========================================================================
Received Prepare
Registering precompiled user dll's ...
Registered in 0.002994 seconds.
Begin MonoManager ReloadAssembly
Native extension for WindowsStandalone target not found
Refreshing native plugins compatible for Editor in 0.79 ms, found 6 plugins.
Preloading 0 native plugins for Editor in 0.00 ms.
Mono: successfully reloaded assembly
- Completed reload, in  0.969 seconds
Platform modules already initialized, skipping
Refreshing native plugins compatible for Editor in 0.74 ms, found 6 plugins.
Preloading 0 native plugins for Editor in 0.00 ms.
Unloading 2969 Unused Serialized files (Serialized files now loaded: 0)
System memory in use before: 157.0 MB.
System memory in use after: 157.0 MB.

Unloading 26 unused Assets to reduce memory usage. Loaded Objects now: 3593.
Total: 2.739400 ms (FindLiveObjects: 0.337400 ms CreateObjectMapping: 0.085800 ms MarkObjects: 2.062800 ms  DeleteObjects: 0.252400 ms)

========================================================================
Received Prepare
Registering precompiled user dll's ...
Registered in 0.003106 seconds.
Begin MonoManager ReloadAssembly
Native extension for WindowsStandalone target not found
Refreshing native plugins compatible for Editor in 0.77 ms, found 6 plugins.
Preloading 0 native plugins for Editor in 0.00 ms.
Mono: successfully reloaded assembly
- Completed reload, in  0.962 seconds
Platform modules already initialized, skipping
Refreshing native plugins compatible for Editor in 0.76 ms, found 6 plugins.
Preloading 0 native plugins for Editor in 0.00 ms.
Unloading 2969 Unused Serialized files (Serialized files now loaded: 0)
System memory in use before: 157.0 MB.
System memory in use after: 157.0 MB.

Unloading 26 unused Assets to reduce memory usage. Loaded Objects now: 3598.
Total: 2.715100 ms (FindLiveObjects: 0.358700 ms CreateObjectMapping: 0.073700 ms MarkObjects: 2.023900 ms  DeleteObjects: 0.258000 ms)

========================================================================
Received Prepare
Registering precompiled user dll's ...
Registered in 0.003146 seconds.
Begin MonoManager ReloadAssembly
Native extension for WindowsStandalone target not found
Refreshing native plugins compatible for Editor in 0.81 ms, found 6 plugins.
Preloading 0 native plugins for Editor in 0.00 ms.
Mono: successfully reloaded assembly
- Completed reload, in  0.982 seconds
Platform modules already initialized, skipping
Refreshing native plugins compatible for Editor in 0.78 ms, found 6 plugins.
Preloading 0 native plugins for Editor in 0.00 ms.
Unloading 2969 Unused Serialized files (Serialized files now loaded: 0)
System memory in use before: 157.0 MB.
System memory in use after: 157.0 MB.

Unloading 26 unused Assets to reduce memory usage. Loaded Objects now: 3603.
Total: 2.782200 ms (FindLiveObjects: 0.354000 ms CreateObjectMapping: 0.087600 ms MarkObjects: 2.080600 ms  DeleteObjects: 0.259000 ms)

========================================================================
Received Import Request.
  Time since last request: 2483.309011 seconds.
  path: Assets/Materials/Cartoon.mat
  artifactKey: Guid(7a4c81de9a772d544b8f392036faa50e) Importer(815301076,1909f56bfc062723c751e8b465ee728b)
Start importing Assets/Materials/Cartoon.mat using Guid(7a4c81de9a772d544b8f392036faa50e) Importer(815301076,1909f56bfc062723c751e8b465ee728b)  -> (artifact id: 'b467723dc0c56dd6e708cb892cf674ec') in 0.045684 seconds
  Import took 0.051206 seconds .

========================================================================
Received Import Request.
  Time since last request: 1.471577 seconds.
  path: Assets/Materials/Cartoon.mat
  artifactKey: Guid(7a4c81de9a772d544b8f392036faa50e) Importer(815301076,1909f56bfc062723c751e8b465ee728b)
Start importing Assets/Materials/Cartoon.mat using Guid(7a4c81de9a772d544b8f392036faa50e) Importer(815301076,1909f56bfc062723c751e8b465ee728b)  -> (artifact id: 'b467723dc0c56dd6e708cb892cf674ec') in 0.006644 seconds
  Import took 0.011311 seconds .

========================================================================
Received Prepare
Registering precompiled user dll's ...
Registered in 0.003174 seconds.
Begin MonoManager ReloadAssembly
Native extension for WindowsStandalone target not found
Refreshing native plugins compatible for Editor in 0.78 ms, found 6 plugins.
Preloading 0 native plugins for Editor in 0.00 ms.
Mono: successfully reloaded assembly
- Completed reload, in  0.985 seconds
Platform modules already initialized, skipping
Refreshing native plugins compatible for Editor in 0.77 ms, found 6 plugins.
Preloading 0 native plugins for Editor in 0.00 ms.
Unloading 2969 Unused Serialized files (Serialized files now loaded: 0)
System memory in use before: 157.1 MB.
System memory in use after: 157.1 MB.

Unloading 26 unused Assets to reduce memory usage. Loaded Objects now: 3609.
Total: 2.671200 ms (FindLiveObjects: 0.328200 ms CreateObjectMapping: 0.074500 ms MarkObjects: 2.011600 ms  DeleteObjects: 0.256200 ms)

========================================================================
Received Prepare
Registering precompiled user dll's ...
Registered in 0.003039 seconds.
Begin MonoManager ReloadAssembly
Native extension for WindowsStandalone target not found
Refreshing native plugins compatible for Editor in 0.76 ms, found 6 plugins.
Preloading 0 native plugins for Editor in 0.00 ms.
Mono: successfully reloaded assembly
- Completed reload, in  0.974 seconds
Platform modules already initialized, skipping
Refreshing native plugins compatible for Editor in 0.77 ms, found 6 plugins.
Preloading 0 native plugins for Editor in 0.00 ms.
Unloading 2969 Unused Serialized files (Serialized files now loaded: 0)
System memory in use before: 157.1 MB.
System memory in use after: 157.1 MB.

Unloading 26 unused Assets to reduce memory usage. Loaded Objects now: 3614.
Total: 3.147300 ms (FindLiveObjects: 0.415800 ms CreateObjectMapping: 0.086600 ms MarkObjects: 2.350500 ms  DeleteObjects: 0.293300 ms)

========================================================================
Received Import Request.
  Time since last request: 297.811706 seconds.
  path: Assets/Materials/Cartoon.mat
  artifactKey: Guid(7a4c81de9a772d544b8f392036faa50e) Importer(815301076,1909f56bfc062723c751e8b465ee728b)
Start importing Assets/Materials/Cartoon.mat using Guid(7a4c81de9a772d544b8f392036faa50e) Importer(815301076,1909f56bfc062723c751e8b465ee728b)  -> (artifact id: '6a28881594645f9f5436163877782c97') in 0.047745 seconds
  Import took 0.053109 seconds .

========================================================================
Received Prepare
Registering precompiled user dll's ...
Registered in 0.003167 seconds.
Begin MonoManager ReloadAssembly
Native extension for WindowsStandalone target not found
Refreshing native plugins compatible for Editor in 0.82 ms, found 6 plugins.
Preloading 0 native plugins for Editor in 0.00 ms.
Mono: successfully reloaded assembly
- Completed reload, in  1.104 seconds
Platform modules already initialized, skipping
Refreshing native plugins compatible for Editor in 0.86 ms, found 6 plugins.
Preloading 0 native plugins for Editor in 0.00 ms.
Unloading 2969 Unused Serialized files (Serialized files now loaded: 0)
System memory in use before: 157.1 MB.
System memory in use after: 157.1 MB.

Unloading 26 unused Assets to reduce memory usage. Loaded Objects now: 3620.
Total: 4.033700 ms (FindLiveObjects: 0.510600 ms CreateObjectMapping: 0.073100 ms MarkObjects: 3.121400 ms  DeleteObjects: 0.326800 ms)

========================================================================
Received Prepare
Refreshing native plugins compatible for Editor in 6.09 ms, found 6 plugins.
Preloading 0 native plugins for Editor in 0.00 ms.
Unloading 23 Unused Serialized files (Serialized files now loaded: 0)
System memory in use before: 89.7 MB.
System memory in use after: 89.7 MB.

Unloading 23 unused Assets to reduce memory usage. Loaded Objects now: 3620.
Total: 3.349600 ms (FindLiveObjects: 0.438500 ms CreateObjectMapping: 0.088800 ms MarkObjects: 2.521700 ms  DeleteObjects: 0.299300 ms)

========================================================================
Received Prepare
Trying to reload asset but can't find object on disk

Trying to reload asset but can't find object on disk

Trying to reload asset but can't find object on disk

Trying to reload asset but can't find object on disk

Trying to reload asset but can't find object on disk

Trying to reload asset but can't find object on disk

Trying to reload asset but can't find object on disk

Trying to reload asset but can't find object on disk

Trying to reload asset but can't find object on disk

Trying to reload asset but can't find object on disk

Trying to reload asset but can't find object on disk

Trying to reload asset but can't find object on disk

Trying to reload asset but can't find object on disk

Trying to reload asset but can't find object on disk

Trying to reload asset but can't find object on disk

Trying to reload asset but can't find object on disk

Trying to reload asset but can't find object on disk

Registering precompiled user dll's ...
Registered in 0.000498 seconds.
Begin MonoManager ReloadAssembly
Native extension for WindowsStandalone target not found
Refreshing native plugins compatible for Editor in 20.05 ms, found 0 plugins.
Preloading 0 native plugins for Editor in 0.00 ms.
Mono: successfully reloaded assembly
- Completed reload, in  0.657 seconds
Platform modules already initialized, skipping
Refreshing native plugins compatible for Editor in 0.26 ms, found 0 plugins.
Preloading 0 native plugins for Editor in 0.00 ms.
Unloading 1110 Unused Serialized files (Serialized files now loaded: 0)
System memory in use before: 109.2 MB.
System memory in use after: 109.3 MB.

Unloading 986 unused Assets to reduce memory usage. Loaded Objects now: 2638.
Total: 2.561600 ms (FindLiveObjects: 0.410700 ms CreateObjectMapping: 0.085500 ms MarkObjects: 1.708700 ms  DeleteObjects: 0.355600 ms)

========================================================================
Received Import Request.
  Time since last request: 2809.626888 seconds.
  path: Assets/PRefabs
  artifactKey: Guid(582c6d0bc9041a241b7f30b320a4f91e) Importer(815301076,1909f56bfc062723c751e8b465ee728b)
Start importing Assets/PRefabs using Guid(582c6d0bc9041a241b7f30b320a4f91e) Importer(815301076,1909f56bfc062723c751e8b465ee728b)  -> (artifact id: 'f1b5e679afd2733f206a3f60d52d0fe9') in 0.008238 seconds
  Import took 0.011984 seconds .

========================================================================
Received Prepare
Trying to reload asset but can't find object on disk

Trying to reload asset but can't find object on disk

Trying to reload asset but can't find object on disk

Trying to reload asset but can't find object on disk

Trying to reload asset but can't find object on disk

Trying to reload asset but can't find object on disk

Trying to reload asset but can't find object on disk

Trying to reload asset but can't find object on disk

Trying to reload asset but can't find object on disk

Trying to reload asset but can't find object on disk

Trying to reload asset but can't find object on disk

Trying to reload asset but can't find object on disk

Trying to reload asset but can't find object on disk

Trying to reload asset but can't find object on disk

Trying to reload asset but can't find object on disk

Trying to reload asset but can't find object on disk

Registering precompiled user dll's ...
Registered in 0.000523 seconds.
Begin MonoManager ReloadAssembly
Native extension for WindowsStandalone target not found
Refreshing native plugins compatible for Editor in 0.30 ms, found 0 plugins.
Preloading 0 native plugins for Editor in 0.00 ms.
Mono: successfully reloaded assembly
- Completed reload, in  0.592 seconds
Platform modules already initialized, skipping
Refreshing native plugins compatible for Editor in 0.27 ms, found 0 plugins.
Preloading 0 native plugins for Editor in 0.00 ms.
Unloading 1111 Unused Serialized files (Serialized files now loaded: 0)
System memory in use before: 96.2 MB.
System memory in use after: 96.3 MB.

Unloading 5 unused Assets to reduce memory usage. Loaded Objects now: 2642.
Total: 2.115700 ms (FindLiveObjects: 0.314300 ms CreateObjectMapping: 0.049400 ms MarkObjects: 1.613200 ms  DeleteObjects: 0.137200 ms)

========================================================================
Received Import Request.
  Time since last request: 65.013407 seconds.
  path: Assets/Prefabs/Cilindros.prefab
  artifactKey: Guid(12ee5cb60fc466f4fa4078e14faec6d4) Importer(815301076,1909f56bfc062723c751e8b465ee728b)
Start importing Assets/Prefabs/Cilindros.prefab using Guid(12ee5cb60fc466f4fa4078e14faec6d4) Importer(815301076,1909f56bfc062723c751e8b465ee728b)  -> (artifact id: '4b1ea3247f5a6d7b84c7ea684920f065') in 0.054346 seconds
  Import took 0.058145 seconds .

========================================================================
Received Import Request.
  Time since last request: 33.860067 seconds.
  path: Assets/Materials/Basket
  artifactKey: Guid(a6f6e62a82c894d47b0ba659ad5565c7) Importer(815301076,1909f56bfc062723c751e8b465ee728b)
Start importing Assets/Materials/Basket using Guid(a6f6e62a82c894d47b0ba659ad5565c7) Importer(815301076,1909f56bfc062723c751e8b465ee728b)  -> (artifact id: 'b7bda10fff37790132c5847049048555') in 0.005545 seconds
  Import took 0.009198 seconds .

========================================================================
Received Import Request.
  Time since last request: 0.001957 seconds.
  path: Assets/Materials/Basket
  artifactKey: Guid(a6f6e62a82c894d47b0ba659ad5565c7) Importer(815301076,1909f56bfc062723c751e8b465ee728b)
Start importing Assets/Materials/Basket using Guid(a6f6e62a82c894d47b0ba659ad5565c7) Importer(815301076,1909f56bfc062723c751e8b465ee728b)  -> (artifact id: 'b7bda10fff37790132c5847049048555') in 0.002201 seconds
  Import took 0.005440 seconds .

========================================================================
Received Prepare
Trying to reload asset but can't find object on disk

Trying to reload asset but can't find object on disk

Trying to reload asset but can't find object on disk

Trying to reload asset but can't find object on disk

Trying to reload asset but can't find object on disk

Trying to reload asset but can't find object on disk

Trying to reload asset but can't find object on disk

Trying to reload asset but can't find object on disk

Trying to reload asset but can't find object on disk

Trying to reload asset but can't find object on disk

Trying to reload asset but can't find object on disk

Trying to reload asset but can't find object on disk

Trying to reload asset but can't find object on disk

Trying to reload asset but can't find object on disk

Trying to reload asset but can't find object on disk

Trying to reload asset but can't find object on disk

Registering precompiled user dll's ...
Registered in 0.000530 seconds.
Begin MonoManager ReloadAssembly
Native extension for WindowsStandalone target not found
Refreshing native plugins compatible for Editor in 0.29 ms, found 0 plugins.
Preloading 0 native plugins for Editor in 0.00 ms.
Mono: successfully reloaded assembly
- Completed reload, in  0.610 seconds
Platform modules already initialized, skipping
Refreshing native plugins compatible for Editor in 0.28 ms, found 0 plugins.
Preloading 0 native plugins for Editor in 0.00 ms.
Unloading 1113 Unused Serialized files (Serialized files now loaded: 0)
System memory in use before: 96.3 MB.
System memory in use after: 96.4 MB.

Unloading 5 unused Assets to reduce memory usage. Loaded Objects now: 2649.
Total: 2.326900 ms (FindLiveObjects: 0.303000 ms CreateObjectMapping: 0.050900 ms MarkObjects: 1.827800 ms  DeleteObjects: 0.144200 ms)

========================================================================
Received Import Request.
  Time since last request: 4041.972292 seconds.
  path: Assets/Prefabs/Player.prefab
  artifactKey: Guid(8203e15b6cac4224c8ca61d1ef7d256e) Importer(815301076,1909f56bfc062723c751e8b465ee728b)
Start importing Assets/Prefabs/Player.prefab using Guid(8203e15b6cac4224c8ca61d1ef7d256e) Importer(815301076,1909f56bfc062723c751e8b465ee728b)  -> (artifact id: '8d7ffea1df005209a6e3244db8564a79') in 0.021301 seconds
  Import took 0.024985 seconds .

========================================================================
Received Prepare
Trying to reload asset but can't find object on disk

Trying to reload asset but can't find object on disk

Trying to reload asset but can't find object on disk

Trying to reload asset but can't find object on disk

Trying to reload asset but can't find object on disk

Trying to reload asset but can't find object on disk

Trying to reload asset but can't find object on disk

Trying to reload asset but can't find object on disk

Trying to reload asset but can't find object on disk

Trying to reload asset but can't find object on disk

Trying to reload asset but can't find object on disk

Trying to reload asset but can't find object on disk

Trying to reload asset but can't find object on disk

Trying to reload asset but can't find object on disk

Trying to reload asset but can't find object on disk

Trying to reload asset but can't find object on disk

Registering precompiled user dll's ...
Registered in 0.000679 seconds.
Begin MonoManager ReloadAssembly
Native extension for WindowsStandalone target not found
Refreshing native plugins compatible for Editor in 0.27 ms, found 0 plugins.
Preloading 0 native plugins for Editor in 0.00 ms.
Mono: successfully reloaded assembly
- Completed reload, in  0.594 seconds
Platform modules already initialized, skipping
Refreshing native plugins compatible for Editor in 0.26 ms, found 0 plugins.
Preloading 0 native plugins for Editor in 0.00 ms.
Unloading 1113 Unused Serialized files (Serialized files now loaded: 0)
System memory in use before: 96.3 MB.
System memory in use after: 96.4 MB.

Unloading 5 unused Assets to reduce memory usage. Loaded Objects now: 2652.
Total: 2.110700 ms (FindLiveObjects: 0.318700 ms CreateObjectMapping: 0.047500 ms MarkObjects: 1.609300 ms  DeleteObjects: 0.134300 ms)

========================================================================
Received Import Request.
  Time since last request: 311.256149 seconds.
  path: Assets/Prefabs/Cilindros.prefab
  artifactKey: Guid(12ee5cb60fc466f4fa4078e14faec6d4) Importer(815301076,1909f56bfc062723c751e8b465ee728b)
Start importing Assets/Prefabs/Cilindros.prefab using Guid(12ee5cb60fc466f4fa4078e14faec6d4) Importer(815301076,1909f56bfc062723c751e8b465ee728b)  -> (artifact id: 'bff8b4de7019129e7e319c0fe3231d3e') in 0.051097 seconds
  Import took 0.055493 seconds .

========================================================================
Received Prepare
Trying to reload asset but can't find object on disk

Trying to reload asset but can't find object on disk

Trying to reload asset but can't find object on disk

Trying to reload asset but can't find object on disk

Trying to reload asset but can't find object on disk

Trying to reload asset but can't find object on disk

Trying to reload asset but can't find object on disk

Trying to reload asset but can't find object on disk

Trying to reload asset but can't find object on disk

Trying to reload asset but can't find object on disk

Trying to reload asset but can't find object on disk

Trying to reload asset but can't find object on disk

Trying to reload asset but can't find object on disk

Trying to reload asset but can't find object on disk

Trying to reload asset but can't find object on disk

Trying to reload asset but can't find object on disk

Registering precompiled user dll's ...
Registered in 0.000734 seconds.
Begin MonoManager ReloadAssembly
Native extension for WindowsStandalone target not found
Refreshing native plugins compatible for Editor in 0.27 ms, found 0 plugins.
Preloading 0 native plugins for Editor in 0.00 ms.
Mono: successfully reloaded assembly
- Completed reload, in  0.588 seconds
Platform modules already initialized, skipping
Refreshing native plugins compatible for Editor in 0.27 ms, found 0 plugins.
Preloading 0 native plugins for Editor in 0.00 ms.
Unloading 1113 Unused Serialized files (Serialized files now loaded: 0)
System memory in use before: 96.3 MB.
System memory in use after: 96.4 MB.

Unloading 5 unused Assets to reduce memory usage. Loaded Objects now: 2656.
Total: 2.135300 ms (FindLiveObjects: 0.310800 ms CreateObjectMapping: 0.052500 ms MarkObjects: 1.631200 ms  DeleteObjects: 0.138900 ms)

========================================================================
Received Prepare
Trying to reload asset but can't find object on disk

Trying to reload asset but can't find object on disk

Trying to reload asset but can't find object on disk

Trying to reload asset but can't find object on disk

Trying to reload asset but can't find object on disk

Trying to reload asset but can't find object on disk

Trying to reload asset but can't find object on disk

Trying to reload asset but can't find object on disk

Trying to reload asset but can't find object on disk

Trying to reload asset but can't find object on disk

Trying to reload asset but can't find object on disk

Trying to reload asset but can't find object on disk

Trying to reload asset but can't find object on disk

Trying to reload asset but can't find object on disk

Trying to reload asset but can't find object on disk

Trying to reload asset but can't find object on disk

Registering precompiled user dll's ...
Registered in 0.000701 seconds.
Begin MonoManager ReloadAssembly
Native extension for WindowsStandalone target not found
Refreshing native plugins compatible for Editor in 0.27 ms, found 0 plugins.
Preloading 0 native plugins for Editor in 0.00 ms.
Mono: successfully reloaded assembly
- Completed reload, in  0.614 seconds
Platform modules already initialized, skipping
Refreshing native plugins compatible for Editor in 0.26 ms, found 0 plugins.
Preloading 0 native plugins for Editor in 0.00 ms.
Unloading 1113 Unused Serialized files (Serialized files now loaded: 0)
System memory in use before: 96.3 MB.
System memory in use after: 96.4 MB.

Unloading 5 unused Assets to reduce memory usage. Loaded Objects now: 2659.
Total: 2.248700 ms (FindLiveObjects: 0.344700 ms CreateObjectMapping: 0.051600 ms MarkObjects: 1.720700 ms  DeleteObjects: 0.130800 ms)

========================================================================
Received Prepare
Trying to reload asset but can't find object on disk

Trying to reload asset but can't find object on disk

Trying to reload asset but can't find object on disk

Trying to reload asset but can't find object on disk

Trying to reload asset but can't find object on disk

Trying to reload asset but can't find object on disk

Trying to reload asset but can't find object on disk

Trying to reload asset but can't find object on disk

Trying to reload asset but can't find object on disk

Trying to reload asset but can't find object on disk

Trying to reload asset but can't find object on disk

Trying to reload asset but can't find object on disk

Trying to reload asset but can't find object on disk

Trying to reload asset but can't find object on disk

Trying to reload asset but can't find object on disk

Trying to reload asset but can't find object on disk

Registering precompiled user dll's ...
Registered in 0.000725 seconds.
Begin MonoManager ReloadAssembly
Native extension for WindowsStandalone target not found
Refreshing native plugins compatible for Editor in 0.28 ms, found 0 plugins.
Preloading 0 native plugins for Editor in 0.00 ms.
Mono: successfully reloaded assembly
- Completed reload, in  0.623 seconds
Platform modules already initialized, skipping
Refreshing native plugins compatible for Editor in 0.30 ms, found 0 plugins.
Preloading 0 native plugins for Editor in 0.00 ms.
Unloading 1113 Unused Serialized files (Serialized files now loaded: 0)
System memory in use before: 96.4 MB.
System memory in use after: 96.4 MB.

Unloading 5 unused Assets to reduce memory usage. Loaded Objects now: 2662.
Total: 2.487000 ms (FindLiveObjects: 0.318500 ms CreateObjectMapping: 0.046800 ms MarkObjects: 1.975400 ms  DeleteObjects: 0.145000 ms)

========================================================================
Received Import Request.
  Time since last request: 222.006866 seconds.
  path: Assets/Prefabs/Cilindros.prefab
  artifactKey: Guid(12ee5cb60fc466f4fa4078e14faec6d4) Importer(815301076,1909f56bfc062723c751e8b465ee728b)
Start importing Assets/Prefabs/Cilindros.prefab using Guid(12ee5cb60fc466f4fa4078e14faec6d4) Importer(815301076,1909f56bfc062723c751e8b465ee728b)  -> (artifact id: 'c78339ee1aa60b1e92ddd62efb196e71') in 0.045697 seconds
  Import took 0.049406 seconds .

========================================================================
Received Import Request.
  Time since last request: 1.776089 seconds.
  path: Assets/Prefabs/Baller/Ball.prefab
  artifactKey: Guid(01644a59e75dd5247b8f261357bc41dd) Importer(815301076,1909f56bfc062723c751e8b465ee728b)
Start importing Assets/Prefabs/Baller/Ball.prefab using Guid(01644a59e75dd5247b8f261357bc41dd) Importer(815301076,1909f56bfc062723c751e8b465ee728b)  -> (artifact id: '7e6357694eb64f709f5ed9933862a21f') in 0.015907 seconds
  Import took 0.019583 seconds .

========================================================================
Received Import Request.
  Time since last request: 15.525172 seconds.
  path: Assets/Prefabs/Baller/Ball.prefab
  artifactKey: Guid(01644a59e75dd5247b8f261357bc41dd) Importer(815301076,1909f56bfc062723c751e8b465ee728b)
Start importing Assets/Prefabs/Baller/Ball.prefab using Guid(01644a59e75dd5247b8f261357bc41dd) Importer(815301076,1909f56bfc062723c751e8b465ee728b)  -> (artifact id: 'c8fa52376fbc88892016b0effd68cd00') in 0.013235 seconds
  Import took 0.017320 seconds .

========================================================================
Received Import Request.
  Time since last request: 2.000417 seconds.
  path: Assets/Prefabs/Baller/Ball.prefab
  artifactKey: Guid(01644a59e75dd5247b8f261357bc41dd) Importer(815301076,1909f56bfc062723c751e8b465ee728b)
Start importing Assets/Prefabs/Baller/Ball.prefab using Guid(01644a59e75dd5247b8f261357bc41dd) Importer(815301076,1909f56bfc062723c751e8b465ee728b)  -> (artifact id: '3beb035f6ac5bb4da2dfbf63553d1c74') in 0.012782 seconds
  Import took 0.016699 seconds .

========================================================================
Received Prepare
Trying to reload asset but can't find object on disk

Trying to reload asset but can't find object on disk

Trying to reload asset but can't find object on disk

Trying to reload asset but can't find object on disk

Trying to reload asset but can't find object on disk

Trying to reload asset but can't find object on disk

Trying to reload asset but can't find object on disk

Trying to reload asset but can't find object on disk

Trying to reload asset but can't find object on disk

Trying to reload asset but can't find object on disk

Trying to reload asset but can't find object on disk

Trying to reload asset but can't find object on disk

Trying to reload asset but can't find object on disk

Trying to reload asset but can't find object on disk

Trying to reload asset but can't find object on disk

Trying to reload asset but can't find object on disk

Registering precompiled user dll's ...
Registered in 0.000598 seconds.
Begin MonoManager ReloadAssembly
Native extension for WindowsStandalone target not found
Refreshing native plugins compatible for Editor in 0.27 ms, found 0 plugins.
Preloading 0 native plugins for Editor in 0.00 ms.
Mono: successfully reloaded assembly
- Completed reload, in  0.607 seconds
Platform modules already initialized, skipping
Refreshing native plugins compatible for Editor in 0.27 ms, found 0 plugins.
Preloading 0 native plugins for Editor in 0.00 ms.
Unloading 1113 Unused Serialized files (Serialized files now loaded: 0)
System memory in use before: 96.4 MB.
System memory in use after: 96.5 MB.

Unloading 6 unused Assets to reduce memory usage. Loaded Objects now: 2667.
Total: 2.023000 ms (FindLiveObjects: 0.242000 ms CreateObjectMapping: 0.052100 ms MarkObjects: 1.590100 ms  DeleteObjects: 0.138000 ms)

AssetImportWorkerClient::OnTransportError - code=2 error=End of file
